Lmod has detected the following error: The following module(s) are unknown:
"singularity"

Please check the spelling or version number. Also try "module spider ..."
It is also possible your cache file is out-of-date; it may help to try:
  $ module --ignore_cache load "singularity"

Also make sure that all modulefiles written in TCL start with the string
#%Module



Lmod has detected the following error: The following module(s) are unknown:
"cuda"

Please check the spelling or version number. Also try "module spider ..."
It is also possible your cache file is out-of-date; it may help to try:
  $ module --ignore_cache load "cuda"

Also make sure that all modulefiles written in TCL start with the string
#%Module



rm -f CPUVecAdd GPUVecAdd GPUVecAddUM *.o
g++ -o CPUVecAdd CPUVecAdd.cpp -std=c++11
/usr/local/cuda/bin/nvcc -o GPUVecAdd GPUVecAdd.cu -L/usr/local/cuda/lib64 -L/usr/local/cuda/samples/common/lib/linux/x86_64 -O3 
make: 'GPUVecAdd' is up to date.
K: 1, Grid size: 1, Block size: 1
==5064== NVPROF is profiling process 5064, command: ./GPUVecAdd 1 1 1
Max error: 0
==5064== Profiling application: ./GPUVecAdd 1 1 1
==5064== Profiling result:
            Type  Time(%)      Time     Calls       Avg       Min       Max  Name
 GPU activities:   96.89%  69.752ms         1  69.752ms  69.752ms  69.752ms  add(int, float*, float*)
                    2.23%  1.6021ms         2  801.04us  799.94us  802.15us  [CUDA memcpy HtoD]
                    0.88%  634.56us         1  634.56us  634.56us  634.56us  [CUDA memcpy DtoH]
      API calls:   44.15%  142.76ms         2  71.381ms  76.563us  142.69ms  cudaMalloc
                   33.19%  107.33ms         1  107.33ms  107.33ms  107.33ms  cudaLaunchKernel
                   22.50%  72.757ms         3  24.252ms  975.47us  70.757ms  cudaMemcpy
                    0.10%  331.85us         2  165.92us  163.09us  168.76us  cudaFree
                    0.06%  179.32us       114  1.5720us     161ns  60.857us  cuDeviceGetAttribute
                    0.00%  12.444us         1  12.444us  12.444us  12.444us  cuDeviceGetName
                    0.00%  7.5290us         1  7.5290us  7.5290us  7.5290us  cuDeviceGetPCIBusId
                    0.00%  1.7670us         3     589ns     204ns  1.3000us  cuDeviceGetCount
                    0.00%  1.2910us         2     645ns     190ns  1.1010us  cuDeviceGet
                    0.00%     401ns         1     401ns     401ns     401ns  cuDeviceTotalMem
                    0.00%     375ns         1     375ns     375ns     375ns  cuModuleGetLoadingMode
                    0.00%     275ns         1     275ns     275ns     275ns  cuDeviceGetUuid
K: 5, Grid size: 1, Block size: 1
==5082== NVPROF is profiling process 5082, command: ./GPUVecAdd 1 1 5
Max error: 0
==5082== Profiling application: ./GPUVecAdd 1 1 5
==5082== Profiling result:
            Type  Time(%)      Time     Calls       Avg       Min       Max  Name
 GPU activities:   96.32%  328.76ms         1  328.76ms  328.76ms  328.76ms  add(int, float*, float*)
                    2.47%  8.4166ms         2  4.2083ms  4.2042ms  4.2124ms  [CUDA memcpy HtoD]
                    1.21%  4.1342ms         1  4.1342ms  4.1342ms  4.1342ms  [CUDA memcpy DtoH]
      API calls:   69.31%  342.11ms         3  114.04ms  4.4114ms  333.26ms  cudaMemcpy
                   27.84%  137.42ms         2  68.708ms  97.909us  137.32ms  cudaMalloc
                    1.95%  9.6183ms         1  9.6183ms  9.6183ms  9.6183ms  cudaLaunchKernel
                    0.86%  4.2571ms         2  2.1286ms  557.45us  3.6997ms  cudaFree
                    0.03%  142.23us       114  1.2470us     141ns  54.298us  cuDeviceGetAttribute
                    0.00%  11.904us         1  11.904us  11.904us  11.904us  cuDeviceGetName
                    0.00%  7.3110us         1  7.3110us  7.3110us  7.3110us  cuDeviceGetPCIBusId
                    0.00%  2.2260us         3     742ns     170ns  1.7330us  cuDeviceGetCount
                    0.00%  1.2400us         2     620ns     171ns  1.0690us  cuDeviceGet
                    0.00%     436ns         1     436ns     436ns     436ns  cuDeviceTotalMem
                    0.00%     265ns         1     265ns     265ns     265ns  cuModuleGetLoadingMode
                    0.00%     220ns         1     220ns     220ns     220ns  cuDeviceGetUuid
K: 10, Grid size: 1, Block size: 1
==5101== NVPROF is profiling process 5101, command: ./GPUVecAdd 1 1 10
Max error: 0
==5101== Profiling application: ./GPUVecAdd 1 1 10
==5101== Profiling result:
            Type  Time(%)      Time     Calls       Avg       Min       Max  Name
 GPU activities:   95.99%  625.81ms         1  625.81ms  625.81ms  625.81ms  add(int, float*, float*)
                    2.67%  17.390ms         2  8.6948ms  8.6797ms  8.7099ms  [CUDA memcpy HtoD]
                    1.34%  8.7281ms         1  8.7281ms  8.7281ms  8.7281ms  [CUDA memcpy DtoH]
      API calls:   80.80%  652.70ms         3  217.57ms  8.8556ms  634.91ms  cudaMemcpy
                   17.91%  144.64ms         2  72.318ms  110.06us  144.53ms  cudaMalloc
                    1.10%  8.8780ms         1  8.8780ms  8.8780ms  8.8780ms  cudaLaunchKernel
                    0.17%  1.3632ms         2  681.58us  257.39us  1.1058ms  cudaFree
                    0.02%  147.23us       114  1.2910us     154ns  57.085us  cuDeviceGetAttribute
                    0.00%  12.529us         1  12.529us  12.529us  12.529us  cuDeviceGetName
                    0.00%  8.6030us         1  8.6030us  8.6030us  8.6030us  cuDeviceGetPCIBusId
                    0.00%  1.6600us         3     553ns     192ns  1.2410us  cuDeviceGetCount
                    0.00%     976ns         2     488ns     174ns     802ns  cuDeviceGet
                    0.00%     337ns         1     337ns     337ns     337ns  cuModuleGetLoadingMode
                    0.00%     328ns         1     328ns     328ns     328ns  cuDeviceTotalMem
                    0.00%     262ns         1     262ns     262ns     262ns  cuDeviceGetUuid
K: 50, Grid size: 1, Block size: 1
==5115== NVPROF is profiling process 5115, command: ./GPUVecAdd 1 1 50
Max error: 0
==5115== Profiling application: ./GPUVecAdd 1 1 50
==5115== Profiling result:
            Type  Time(%)      Time     Calls       Avg       Min       Max  Name
 GPU activities:   95.93%  3.12700s         1  3.12700s  3.12700s  3.12700s  add(int, float*, float*)
                    2.71%  88.229ms         2  44.114ms  44.084ms  44.145ms  [CUDA memcpy HtoD]
                    1.36%  44.339ms         1  44.339ms  44.339ms  44.339ms  [CUDA memcpy DtoH]
      API calls:   95.54%  3.26035s         3  1.08678s  44.257ms  3.17173s  cudaMemcpy
                    4.11%  140.15ms         2  70.077ms  93.554us  140.06ms  cudaMalloc
                    0.27%  9.1748ms         1  9.1748ms  9.1748ms  9.1748ms  cudaLaunchKernel
                    0.08%  2.6479ms         2  1.3240ms  396.88us  2.2511ms  cudaFree
                    0.01%  176.38us       114  1.5470us     142ns  73.674us  cuDeviceGetAttribute
                    0.00%  12.172us         1  12.172us  12.172us  12.172us  cuDeviceGetName
                    0.00%  7.0850us         1  7.0850us  7.0850us  7.0850us  cuDeviceGetPCIBusId
                    0.00%  1.4420us         3     480ns     189ns  1.0570us  cuDeviceGetCount
                    0.00%  1.0500us         2     525ns     167ns     883ns  cuDeviceGet
                    0.00%     494ns         1     494ns     494ns     494ns  cuDeviceTotalMem
                    0.00%     291ns         1     291ns     291ns     291ns  cuDeviceGetUuid
                    0.00%     257ns         1     257ns     257ns     257ns  cuModuleGetLoadingMode
K: 100, Grid size: 1, Block size: 1
==5132== NVPROF is profiling process 5132, command: ./GPUVecAdd 1 1 100
Max error: 0
==5132== Profiling application: ./GPUVecAdd 1 1 100
==5132== Profiling result:
            Type  Time(%)      Time     Calls       Avg       Min       Max  Name
 GPU activities:   95.94%  6.25703s         1  6.25703s  6.25703s  6.25703s  add(int, float*, float*)
                    2.71%  176.60ms         2  88.302ms  88.097ms  88.506ms  [CUDA memcpy HtoD]
                    1.35%  88.141ms         1  88.141ms  88.141ms  88.141ms  [CUDA memcpy DtoH]
      API calls:   97.77%  6.52257s         3  2.17419s  88.334ms  6.34557s  cudaMemcpy
                    2.05%  136.58ms         2  68.292ms  101.40us  136.48ms  cudaMalloc
                    0.13%  8.8276ms         1  8.8276ms  8.8276ms  8.8276ms  cudaLaunchKernel
                    0.04%  2.8960ms         2  1.4480ms  496.00us  2.4001ms  cudaFree
                    0.00%  148.32us       114  1.3010us     154ns  56.553us  cuDeviceGetAttribute
                    0.00%  12.172us         1  12.172us  12.172us  12.172us  cuDeviceGetName
                    0.00%  7.4840us         1  7.4840us  7.4840us  7.4840us  cuDeviceGetPCIBusId
                    0.00%  2.0920us         3     697ns     214ns  1.5660us  cuDeviceGetCount
                    0.00%     693ns         2     346ns     163ns     530ns  cuDeviceGet
                    0.00%     396ns         1     396ns     396ns     396ns  cuDeviceTotalMem
                    0.00%     258ns         1     258ns     258ns     258ns  cuModuleGetLoadingMode
                    0.00%     235ns         1     235ns     235ns     235ns  cuDeviceGetUuid
K: 1, Grid size: 1, Block size: 256
==5151== NVPROF is profiling process 5151, command: ./GPUVecAdd 1 256 1
Max error: 0
==5151== Profiling application: ./GPUVecAdd 1 256 1
==5151== Profiling result:
            Type  Time(%)      Time     Calls       Avg       Min       Max  Name
 GPU activities:   42.90%  1.4764ms         2  738.21us  723.78us  752.64us  [CUDA memcpy HtoD]
                   39.56%  1.3615ms         1  1.3615ms  1.3615ms  1.3615ms  add(int, float*, float*)
                   17.54%  603.52us         1  603.52us  603.52us  603.52us  [CUDA memcpy DtoH]
      API calls:   90.25%  141.39ms         2  70.696ms  79.383us  141.31ms  cudaMalloc
                    6.77%  10.602ms         1  10.602ms  10.602ms  10.602ms  cudaLaunchKernel
                    2.66%  4.1751ms         3  1.3917ms  910.62us  2.2857ms  cudaMemcpy
                    0.20%  320.91us         2  160.45us  140.00us  180.91us  cudaFree
                    0.10%  154.48us       114  1.3550us     156ns  60.164us  cuDeviceGetAttribute
                    0.01%  12.021us         1  12.021us  12.021us  12.021us  cuDeviceGetName
                    0.00%  7.7160us         1  7.7160us  7.7160us  7.7160us  cuDeviceGetPCIBusId
                    0.00%  2.2370us         3     745ns     199ns  1.7930us  cuDeviceGetCount
                    0.00%     836ns         2     418ns     190ns     646ns  cuDeviceGet
                    0.00%     327ns         1     327ns     327ns     327ns  cuDeviceTotalMem
                    0.00%     295ns         1     295ns     295ns     295ns  cuModuleGetLoadingMode
                    0.00%     278ns         1     278ns     278ns     278ns  cuDeviceGetUuid
K: 5, Grid size: 1, Block size: 256
==5165== NVPROF is profiling process 5165, command: ./GPUVecAdd 1 256 5
Max error: 0
==5165== Profiling application: ./GPUVecAdd 1 256 5
==5165== Profiling result:
            Type  Time(%)      Time     Calls       Avg       Min       Max  Name
 GPU activities:   43.86%  8.7709ms         2  4.3855ms  4.3827ms  4.3882ms  [CUDA memcpy HtoD]
                   35.72%  7.1431ms         1  7.1431ms  7.1431ms  7.1431ms  add(int, float*, float*)
                   20.41%  4.0820ms         1  4.0820ms  4.0820ms  4.0820ms  [CUDA memcpy DtoH]
      API calls:   81.49%  137.22ms         2  68.610ms  95.100us  137.12ms  cudaMalloc
                   12.32%  20.745ms         3  6.9149ms  4.5495ms  11.560ms  cudaMemcpy
                    5.65%  9.5128ms         1  9.5128ms  9.5128ms  9.5128ms  cudaLaunchKernel
                    0.45%  757.87us         2  378.94us  174.10us  583.78us  cudaFree
                    0.08%  140.48us       114  1.2320us     144ns  54.266us  cuDeviceGetAttribute
                    0.01%  10.108us         1  10.108us  10.108us  10.108us  cuDeviceGetName
                    0.00%  7.8040us         1  7.8040us  7.8040us  7.8040us  cuDeviceGetPCIBusId
                    0.00%  1.7030us         3     567ns     207ns  1.2440us  cuDeviceGetCount
                    0.00%     676ns         2     338ns     158ns     518ns  cuDeviceGet
                    0.00%     373ns         1     373ns     373ns     373ns  cuDeviceTotalMem
                    0.00%     302ns         1     302ns     302ns     302ns  cuModuleGetLoadingMode
                    0.00%     236ns         1     236ns     236ns     236ns  cuDeviceGetUuid
K: 10, Grid size: 1, Block size: 256
==5179== NVPROF is profiling process 5179, command: ./GPUVecAdd 1 256 10
Max error: 0
==5179== Profiling application: ./GPUVecAdd 1 256 10
==5179== Profiling result:
            Type  Time(%)      Time     Calls       Avg       Min       Max  Name
 GPU activities:   43.71%  17.575ms         2  8.7877ms  8.7596ms  8.8159ms  [CUDA memcpy HtoD]
                   35.40%  14.235ms         1  14.235ms  14.235ms  14.235ms  add(int, float*, float*)
                   20.89%  8.4008ms         1  8.4008ms  8.4008ms  8.4008ms  [CUDA memcpy DtoH]
      API calls:   73.08%  140.60ms         2  70.302ms  85.151us  140.52ms  cudaMalloc
                   21.31%  41.009ms         3  13.670ms  9.0022ms  22.981ms  cudaMemcpy
                    4.84%  9.3192ms         1  9.3192ms  9.3192ms  9.3192ms  cudaLaunchKernel
                    0.67%  1.2916ms         2  645.79us  184.00us  1.1076ms  cudaFree
                    0.08%  147.07us       114  1.2900us     155ns  54.995us  cuDeviceGetAttribute
                    0.01%  11.667us         2  5.8330us     180ns  11.487us  cuDeviceGet
                    0.01%  11.611us         1  11.611us  11.611us  11.611us  cuDeviceGetName
                    0.00%  7.3000us         1  7.3000us  7.3000us  7.3000us  cuDeviceGetPCIBusId
                    0.00%  1.8850us         3     628ns     184ns  1.4880us  cuDeviceGetCount
                    0.00%     427ns         1     427ns     427ns     427ns  cuDeviceTotalMem
                    0.00%     323ns         1     323ns     323ns     323ns  cuDeviceGetUuid
                    0.00%     296ns         1     296ns     296ns     296ns  cuModuleGetLoadingMode
K: 50, Grid size: 1, Block size: 256
==5193== NVPROF is profiling process 5193, command: ./GPUVecAdd 1 256 50
Max error: 0
==5193== Profiling application: ./GPUVecAdd 1 256 50
==5193== Profiling result:
            Type  Time(%)      Time     Calls       Avg       Min       Max  Name
 GPU activities:   43.35%  88.629ms         2  44.315ms  44.279ms  44.350ms  [CUDA memcpy HtoD]
                   35.20%  71.984ms         1  71.984ms  71.984ms  71.984ms  add(int, float*, float*)
                   21.45%  43.860ms         1  43.860ms  43.860ms  43.860ms  [CUDA memcpy DtoH]
      API calls:   57.29%  205.25ms         3  68.418ms  44.455ms  116.21ms  cudaMemcpy
                   38.95%  139.55ms         2  69.776ms  97.622us  139.46ms  cudaMalloc
                    2.98%  10.682ms         1  10.682ms  10.682ms  10.682ms  cudaLaunchKernel
                    0.72%  2.5865ms         2  1.2932ms  345.71us  2.2408ms  cudaFree
                    0.04%  157.90us       114  1.3850us     166ns  61.625us  cuDeviceGetAttribute
                    0.00%  12.321us         1  12.321us  12.321us  12.321us  cuDeviceGetName
                    0.00%  7.4110us         1  7.4110us  7.4110us  7.4110us  cuDeviceGetPCIBusId
                    0.00%  1.7190us         3     573ns     209ns  1.2980us  cuDeviceGetCount
                    0.00%     707ns         2     353ns     157ns     550ns  cuDeviceGet
                    0.00%     421ns         1     421ns     421ns     421ns  cuDeviceTotalMem
                    0.00%     330ns         1     330ns     330ns     330ns  cuModuleGetLoadingMode
                    0.00%     268ns         1     268ns     268ns     268ns  cuDeviceGetUuid
K: 100, Grid size: 1, Block size: 256
==5207== NVPROF is profiling process 5207, command: ./GPUVecAdd 1 256 100
Max error: 0
==5207== Profiling application: ./GPUVecAdd 1 256 100
==5207== Profiling result:
            Type  Time(%)      Time     Calls       Avg       Min       Max  Name
 GPU activities:   43.32%  178.07ms         2  89.033ms  88.979ms  89.087ms  [CUDA memcpy HtoD]
                   35.27%  144.97ms         1  144.97ms  144.97ms  144.97ms  add(int, float*, float*)
                   21.41%  87.984ms         1  87.984ms  87.984ms  87.984ms  [CUDA memcpy DtoH]
      API calls:   73.16%  411.79ms         3  137.26ms  89.159ms  233.32ms  cudaMemcpy
                   24.68%  138.95ms         2  69.476ms  117.73us  138.83ms  cudaMalloc
                    1.61%  9.0602ms         1  9.0602ms  9.0602ms  9.0602ms  cudaLaunchKernel
                    0.52%  2.9003ms         2  1.4502ms  530.56us  2.3698ms  cudaFree
                    0.03%  175.96us       114  1.5430us     157ns  82.231us  cuDeviceGetAttribute
                    0.00%  12.043us         1  12.043us  12.043us  12.043us  cuDeviceGetName
                    0.00%  7.4620us         1  7.4620us  7.4620us  7.4620us  cuDeviceGetPCIBusId
                    0.00%  1.9930us         3     664ns     193ns  1.5730us  cuDeviceGetCount
                    0.00%     707ns         2     353ns     180ns     527ns  cuDeviceGet
                    0.00%     397ns         1     397ns     397ns     397ns  cuDeviceTotalMem
                    0.00%     304ns         1     304ns     304ns     304ns  cuModuleGetLoadingMode
                    0.00%     272ns         1     272ns     272ns     272ns  cuDeviceGetUuid
K: 1, Grid size: 16, Block size: 256
==5221== NVPROF is profiling process 5221, command: ./GPUVecAdd 16 256 1
Max error: 0
==5221== Profiling application: ./GPUVecAdd 16 256 1
==5221== Profiling result:
            Type  Time(%)      Time     Calls       Avg       Min       Max  Name
 GPU activities:   69.55%  1.5690ms         2  784.51us  777.06us  791.97us  [CUDA memcpy HtoD]
                   25.89%  584.07us         1  584.07us  584.07us  584.07us  [CUDA memcpy DtoH]
                    4.56%  102.91us         1  102.91us  102.91us  102.91us  add(int, float*, float*)
      API calls:   89.11%  139.50ms         2  69.750ms  73.796us  139.43ms  cudaMalloc
                    8.67%  13.567ms         1  13.567ms  13.567ms  13.567ms  cudaLaunchKernel
                    1.92%  3.0011ms         3  1.0004ms  940.57us  1.0483ms  cudaMemcpy
                    0.19%  300.68us         2  150.34us  139.75us  160.93us  cudaFree
                    0.09%  147.79us       114  1.2960us     157ns  56.506us  cuDeviceGetAttribute
                    0.01%  11.336us         1  11.336us  11.336us  11.336us  cuDeviceGetName
                    0.00%  7.5700us         1  7.5700us  7.5700us  7.5700us  cuDeviceGetPCIBusId
                    0.00%  2.1910us         3     730ns     215ns  1.7080us  cuDeviceGetCount
                    0.00%     742ns         2     371ns     147ns     595ns  cuDeviceGet
                    0.00%     410ns         1     410ns     410ns     410ns  cuDeviceTotalMem
                    0.00%     257ns         1     257ns     257ns     257ns  cuModuleGetLoadingMode
                    0.00%     228ns         1     228ns     228ns     228ns  cuDeviceGetUuid
K: 5, Grid size: 16, Block size: 256
==5235== NVPROF is profiling process 5235, command: ./GPUVecAdd 16 256 5
Max error: 0
==5235== Profiling application: ./GPUVecAdd 16 256 5
==5235== Profiling result:
            Type  Time(%)      Time     Calls       Avg       Min       Max  Name
 GPU activities:   66.03%  8.6992ms         2  4.3496ms  4.3424ms  4.3567ms  [CUDA memcpy HtoD]
                   29.90%  3.9389ms         1  3.9389ms  3.9389ms  3.9389ms  [CUDA memcpy DtoH]
                    4.07%  536.77us         1  536.77us  536.77us  536.77us  add(int, float*, float*)
      API calls:   85.07%  140.46ms         2  70.228ms  121.30us  140.33ms  cudaMalloc
                    8.42%  13.903ms         3  4.6345ms  4.5208ms  4.8252ms  cudaMemcpy
                    5.94%  9.8049ms         1  9.8049ms  9.8049ms  9.8049ms  cudaLaunchKernel
                    0.45%  741.31us         2  370.66us  170.76us  570.55us  cudaFree
                    0.10%  171.30us       114  1.5020us     171ns  62.515us  cuDeviceGetAttribute
                    0.01%  15.828us         1  15.828us  15.828us  15.828us  cuDeviceGetName
                    0.00%  7.7450us         1  7.7450us  7.7450us  7.7450us  cuDeviceGetPCIBusId
                    0.00%  2.1560us         3     718ns     263ns  1.5170us  cuDeviceGetCount
                    0.00%     924ns         2     462ns     277ns     647ns  cuDeviceGet
                    0.00%     710ns         1     710ns     710ns     710ns  cuDeviceTotalMem
                    0.00%     675ns         1     675ns     675ns     675ns  cuModuleGetLoadingMode
                    0.00%     297ns         1     297ns     297ns     297ns  cuDeviceGetUuid
K: 10, Grid size: 16, Block size: 256
==5249== NVPROF is profiling process 5249, command: ./GPUVecAdd 16 256 10
Max error: 0
==5249== Profiling application: ./GPUVecAdd 16 256 10
==5249== Profiling result:
            Type  Time(%)      Time     Calls       Avg       Min       Max  Name
 GPU activities:   65.37%  17.532ms         2  8.7660ms  8.7657ms  8.7662ms  [CUDA memcpy HtoD]
                   30.66%  8.2231ms         1  8.2231ms  8.2231ms  8.2231ms  [CUDA memcpy DtoH]
                    3.97%  1.0646ms         1  1.0646ms  1.0646ms  1.0646ms  add(int, float*, float*)
      API calls:   77.74%  140.14ms         2  70.069ms  104.73us  140.03ms  cudaMalloc
                   15.28%  27.552ms         3  9.1841ms  8.9548ms  9.5947ms  cudaMemcpy
                    6.17%  11.119ms         1  11.119ms  11.119ms  11.119ms  cudaLaunchKernel
                    0.72%  1.2896ms         2  644.80us  170.82us  1.1188ms  cudaFree
                    0.08%  148.88us       114  1.3050us     154ns  57.077us  cuDeviceGetAttribute
                    0.01%  12.834us         1  12.834us  12.834us  12.834us  cuDeviceGetName
                    0.00%  7.5090us         1  7.5090us  7.5090us  7.5090us  cuDeviceGetPCIBusId
                    0.00%  1.6780us         3     559ns     216ns  1.2180us  cuDeviceGetCount
                    0.00%     870ns         2     435ns     158ns     712ns  cuDeviceGet
                    0.00%     494ns         1     494ns     494ns     494ns  cuDeviceTotalMem
                    0.00%     280ns         1     280ns     280ns     280ns  cuModuleGetLoadingMode
                    0.00%     240ns         1     240ns     240ns     240ns  cuDeviceGetUuid
K: 50, Grid size: 16, Block size: 256
==5263== NVPROF is profiling process 5263, command: ./GPUVecAdd 16 256 50
Max error: 0
==5263== Profiling application: ./GPUVecAdd 16 256 50
==5263== Profiling result:
            Type  Time(%)      Time     Calls       Avg       Min       Max  Name
 GPU activities:   64.78%  88.107ms         2  44.054ms  44.016ms  44.092ms  [CUDA memcpy HtoD]
                   31.28%  42.541ms         1  42.541ms  42.541ms  42.541ms  [CUDA memcpy DtoH]
                    3.95%  5.3694ms         1  5.3694ms  5.3694ms  5.3694ms  add(int, float*, float*)
      API calls:   48.59%  140.48ms         2  70.241ms  119.67us  140.36ms  cudaMalloc
                   47.29%  136.75ms         3  45.584ms  44.237ms  48.235ms  cudaMemcpy
                    3.15%  9.1029ms         1  9.1029ms  9.1029ms  9.1029ms  cudaLaunchKernel
                    0.90%  2.6082ms         2  1.3041ms  369.68us  2.2386ms  cudaFree
                    0.06%  177.68us       114  1.5580us     152ns  83.445us  cuDeviceGetAttribute
                    0.00%  12.176us         1  12.176us  12.176us  12.176us  cuDeviceGetName
                    0.00%  6.9880us         1  6.9880us  6.9880us  6.9880us  cuDeviceGetPCIBusId
                    0.00%  2.5000us         3     833ns     210ns  2.0740us  cuDeviceGetCount
                    0.00%     860ns         2     430ns     145ns     715ns  cuDeviceGet
                    0.00%     383ns         1     383ns     383ns     383ns  cuDeviceTotalMem
                    0.00%     316ns         1     316ns     316ns     316ns  cuModuleGetLoadingMode
                    0.00%     267ns         1     267ns     267ns     267ns  cuDeviceGetUuid
K: 100, Grid size: 16, Block size: 256
==5276== NVPROF is profiling process 5276, command: ./GPUVecAdd 16 256 100
Max error: 0
==5276== Profiling application: ./GPUVecAdd 16 256 100
==5276== Profiling result:
            Type  Time(%)      Time     Calls       Avg       Min       Max  Name
 GPU activities:   64.20%  176.65ms         2  88.326ms  88.167ms  88.486ms  [CUDA memcpy HtoD]
                   31.89%  87.762ms         1  87.762ms  87.762ms  87.762ms  [CUDA memcpy DtoH]
                    3.91%  10.748ms         1  10.748ms  10.748ms  10.748ms  add(int, float*, float*)
      API calls:   64.71%  275.93ms         3  91.977ms  88.349ms  98.871ms  cudaMemcpy
                   32.43%  138.28ms         2  69.140ms  116.22us  138.16ms  cudaMalloc
                    2.15%  9.1653ms         1  9.1653ms  9.1653ms  9.1653ms  cudaLaunchKernel
                    0.67%  2.8531ms         2  1.4266ms  458.55us  2.3946ms  cudaFree
                    0.03%  144.89us       114  1.2700us     155ns  54.929us  cuDeviceGetAttribute
                    0.00%  11.539us         1  11.539us  11.539us  11.539us  cuDeviceGetName
                    0.00%  7.9660us         1  7.9660us  7.9660us  7.9660us  cuDeviceGetPCIBusId
                    0.00%  1.9230us         3     641ns     199ns  1.4950us  cuDeviceGetCount
                    0.00%     946ns         2     473ns     163ns     783ns  cuDeviceGet
                    0.00%     381ns         1     381ns     381ns     381ns  cuDeviceTotalMem
                    0.00%     330ns         1     330ns     330ns     330ns  cuModuleGetLoadingMode
                    0.00%     253ns         1     253ns     253ns     253ns  cuDeviceGetUuid
